Determining if the pthread_create exist failed with the following output:
Change Dir: /usr/src/cppweb/hello_crow/build/CMakeFiles/CMakeTmp

Run Build Command:"/usr/bin/make" "cmTC_3e4f9/fast"
/usr/bin/make -f CMakeFiles/cmTC_3e4f9.dir/build.make CMakeFiles/cmTC_3e4f9.dir/build
make[1]: Entering directory '/usr/src/cppweb/hello_crow/build/CMakeFiles/CMakeTmp'
Building C object CMakeFiles/cmTC_3e4f9.dir/CheckSymbolExists.c.o
/usr/bin/cc    -o CMakeFiles/cmTC_3e4f9.dir/CheckSymbolExists.c.o   -c /usr/src/cppweb/hello_crow/build/CMakeFiles/CMakeTmp/CheckSymbolExists.c
Linking C executable cmTC_3e4f9
/usr/bin/cmake -E cmake_link_script CMakeFiles/cmTC_3e4f9.dir/link.txt --verbose=1
/usr/bin/cc      CMakeFiles/cmTC_3e4f9.dir/CheckSymbolExists.c.o  -o cmTC_3e4f9 
/usr/bin/ld: CMakeFiles/cmTC_3e4f9.dir/CheckSymbolExists.c.o: in function `main':
CheckSymbolExists.c:(.text+0x14): undefined reference to `pthread_create'
/usr/bin/ld: CheckSymbolExists.c:(.text+0x18): undefined reference to `pthread_create'
collect2: error: ld returned 1 exit status
make[1]: *** [CMakeFiles/cmTC_3e4f9.dir/build.make:87: cmTC_3e4f9] Error 1
make[1]: Leaving directory '/usr/src/cppweb/hello_crow/build/CMakeFiles/CMakeTmp'
make: *** [Makefile:121: cmTC_3e4f9/fast] Error 2

File /usr/src/cppweb/hello_crow/build/CMakeFiles/CMakeTmp/CheckSymbolExists.c:
/* */
#include <pthread.h>

int main(int argc, char** argv)
{
  (void)argv;
#ifndef pthread_create
  return ((int*)(&pthread_create))[argc];
#else
  (void)argc;
  return 0;
#endif
}

Determining if the function pthread_create exists in the pthreads failed with the following output:
Change Dir: /usr/src/cppweb/hello_crow/build/CMakeFiles/CMakeTmp

Run Build Command:"/usr/bin/make" "cmTC_a7cf2/fast"
/usr/bin/make -f CMakeFiles/cmTC_a7cf2.dir/build.make CMakeFiles/cmTC_a7cf2.dir/build
make[1]: Entering directory '/usr/src/cppweb/hello_crow/build/CMakeFiles/CMakeTmp'
Building C object CMakeFiles/cmTC_a7cf2.dir/CheckFunctionExists.c.o
/usr/bin/cc   -DCHECK_FUNCTION_EXISTS=pthread_create   -o CMakeFiles/cmTC_a7cf2.dir/CheckFunctionExists.c.o   -c /usr/share/cmake-3.13/Modules/CheckFunctionExists.c
Linking C executable cmTC_a7cf2
/usr/bin/cmake -E cmake_link_script CMakeFiles/cmTC_a7cf2.dir/link.txt --verbose=1
/usr/bin/cc  -DCHECK_FUNCTION_EXISTS=pthread_create    CMakeFiles/cmTC_a7cf2.dir/CheckFunctionExists.c.o  -o cmTC_a7cf2 -lpthreads 
/usr/bin/ld: cannot find -lpthreads
collect2: error: ld returned 1 exit status
make[1]: *** [CMakeFiles/cmTC_a7cf2.dir/build.make:87: cmTC_a7cf2] Error 1
make[1]: Leaving directory '/usr/src/cppweb/hello_crow/build/CMakeFiles/CMakeTmp'
make: *** [Makefile:121: cmTC_a7cf2/fast] Error 2


Performing C SOURCE FILE Test CMAKE_HAVE_LIBC_PTHREAD failed with the following output:
Change Dir: /usr/src/cppweb/hello_crow/build/CMakeFiles/CMakeTmp

Run Build Command(s):/usr/bin/make cmTC_ba57e/fast && /usr/bin/make  -f CMakeFiles/cmTC_ba57e.dir/build.make CMakeFiles/cmTC_ba57e.dir/build
make[1]: Entering directory '/usr/src/cppweb/hello_crow/build/CMakeFiles/CMakeTmp'
Building C object CMakeFiles/cmTC_ba57e.dir/src.c.o
/usr/bin/cc   -DCMAKE_HAVE_LIBC_PTHREAD -o CMakeFiles/cmTC_ba57e.dir/src.c.o -c /usr/src/cppweb/hello_crow/build/CMakeFiles/CMakeTmp/src.c
Linking C executable cmTC_ba57e
/usr/bin/cmake -E cmake_link_script CMakeFiles/cmTC_ba57e.dir/link.txt --verbose=1
/usr/bin/cc  -DCMAKE_HAVE_LIBC_PTHREAD CMakeFiles/cmTC_ba57e.dir/src.c.o -o cmTC_ba57e 
/usr/bin/ld: CMakeFiles/cmTC_ba57e.dir/src.c.o: in function `main':
src.c:(.text+0x34): undefined reference to `pthread_create'
/usr/bin/ld: src.c:(.text+0x3c): undefined reference to `pthread_detach'
/usr/bin/ld: src.c:(.text+0x44): undefined reference to `pthread_cancel'
/usr/bin/ld: src.c:(.text+0x50): undefined reference to `pthread_join'
collect2: error: ld returned 1 exit status
make[1]: *** [CMakeFiles/cmTC_ba57e.dir/build.make:106: cmTC_ba57e] Error 1
make[1]: Leaving directory '/usr/src/cppweb/hello_crow/build/CMakeFiles/CMakeTmp'
make: *** [Makefile:140: cmTC_ba57e/fast] Error 2


Source file was:
#include <pthread.h>

void* test_func(void* data)
{
  return data;
}

int main(void)
{
  pthread_t thread;
  pthread_create(&thread, NULL, test_func, NULL);
  pthread_detach(thread);
  pthread_cancel(thread);
  pthread_join(thread, NULL);
  pthread_atfork(NULL, NULL, NULL);
  pthread_exit(NULL);

  return 0;
}

